  [1m[35mSQL (5.5ms)[0m  [1m[35mCREATE EXTENSION IF NOT EXISTS "plpgsql"[0m
  [1m[35m (0.5ms)[0m  [1m[35mDROP TABLE IF EXISTS "bill_endorsements" CASCADE[0m
  [1m[35m (9.8ms)[0m  [1m[35mCREATE TABLE "bill_endorsements" ("id" bigserial primary key, "bill_id" integer, "senator_id" integer, "created_at" timestamp NOT NULL, "updated_at" timestamp NOT NULL)[0m
  [1m[35m (0.4ms)[0m  [1m[35mDROP TABLE IF EXISTS "bills" CASCADE[0m
  [1m[35m (6.2ms)[0m  [1m[35mCREATE TABLE "bills" ("id" bigserial primary key, "title" character varying, "author_id" integer, "created_at" timestamp NOT NULL, "updated_at" timestamp NOT NULL)[0m
  [1m[35m (1.9ms)[0m  [1m[35mCREATE  INDEX  "index_bills_on_author_id" ON "bills"  ("author_id")[0m
  [1m[35m (0.2ms)[0m  [1m[35mDROP TABLE IF EXISTS "committee_memberships" CASCADE[0m
  [1m[35m (4.7ms)[0m  [1m[35mCREATE TABLE "committee_memberships" ("id" bigserial primary key, "senator_id" integer, "committee_id" integer, "created_at" timestamp NOT NULL, "updated_at" timestamp NOT NULL)[0m
  [1m[35m (0.4ms)[0m  [1m[35mDROP TABLE IF EXISTS "committees" CASCADE[0m
  [1m[35m (5.0ms)[0m  [1m[35mCREATE TABLE "committees" ("id" bigserial primary key, "name" character varying, "mandate" character varying, "chairperson_id" integer, "created_at" timestamp NOT NULL, "updated_at" timestamp NOT NULL)[0m
  [1m[35m (0.4ms)[0m  [1m[35mDROP TABLE IF EXISTS "desks" CASCADE[0m
  [1m[35m (6.4ms)[0m  [1m[35mCREATE TABLE "desks" ("id" bigserial primary key, "model" character varying, "owner_id" integer, "created_at" timestamp NOT NULL, "updated_at" timestamp NOT NULL)[0m
  [1m[35m (0.4ms)[0m  [1m[35mDROP TABLE IF EXISTS "ideologies" CASCADE[0m
  [1m[35m (6.0ms)[0m  [1m[35mCREATE TABLE "ideologies" ("id" bigserial primary key, "name" character varying, "direction" character varying, "goal" character varying, "created_at" timestamp NOT NULL, "updated_at" timestamp NOT NULL)[0m
  [1m[35m (0.5ms)[0m  [1m[35mDROP TABLE IF EXISTS "parties" CASCADE[0m
  [1m[35m (6.2ms)[0m  [1m[35mCREATE TABLE "parties" ("id" bigserial primary key, "name" character varying, "color" character varying, "ideology_id" integer, "party_leader_id" integer, "created_at" timestamp NOT NULL, "updated_at" timestamp NOT NULL)[0m
  [1m[35m (0.3ms)[0m  [1m[35mDROP TABLE IF EXISTS "senators" CASCADE[0m
  [1m[35m (5.5ms)[0m  [1m[35mCREATE TABLE "senators" ("id" bigserial primary key, "fname" character varying, "lname" character varying, "state" character varying, "party_id" integer, "created_at" timestamp NOT NULL, "updated_at" timestamp NOT NULL)[0m
  [1m[35m (5.2ms)[0m  [1m[35mCREATE TABLE "schema_migrations" ("version" character varying NOT NULL PRIMARY KEY)[0m
  [1m[35m (1.5ms)[0m  [1m[34mSELECT "schema_migrations"."version" FROM "schema_migrations" ORDER BY "schema_migrations"."version" ASC[0m
  [1m[35m (1.2ms)[0m  [1m[32mINSERT INTO "schema_migrations" (version) VALUES (20180103211331)[0m
  [1m[35m (0.9ms)[0m  [1m[32mINSERT INTO "schema_migrations" (version) VALUES
(20180103015212),
(20180103183652),
(20180103184057),
(20180103184247),
(20180103185505),
(20180103185632),
(20180103211221);

[0m
  [1m[35m (5.2ms)[0m  [1m[35mCREATE TABLE "ar_internal_metadata" ("key" character varying NOT NULL PRIMARY KEY, "value" character varying, "created_at" timestamp NOT NULL, "updated_at" timestamp NOT NULL)[0m
  [1m[36mActiveRecord::InternalMetadata Load (0.5ms)[0m  [1m[34mSELECT  "ar_internal_metadata".* FROM "ar_internal_metadata" WHERE "ar_internal_metadata"."key" = $1 LIMIT $2[0m  [["key", "environment"], ["LIMIT", 1]]
  [1m[35m (0.7ms)[0m  [1m[35mBEGIN[0m
  [1m[35mSQL (1.1ms)[0m  [1m[32mINSERT INTO "ar_internal_metadata" ("key", "value", "created_at", "updated_at") VALUES ($1, $2, $3, $4) RETURNING "key"[0m  [["key", "environment"], ["value", "development"], ["created_at", "2019-06-03 16:09:21.359987"], ["updated_at", "2019-06-03 16:09:21.359987"]]
  [1m[35m (0.9ms)[0m  [1m[35mCOMMIT[0m
  [1m[36mActiveRecord::InternalMetadata Load (0.6ms)[0m  [1m[34mSELECT  "ar_internal_metadata".* FROM "ar_internal_metadata" WHERE "ar_internal_metadata"."key" = $1 LIMIT $2[0m  [["key", "environment"], ["LIMIT", 1]]
  [1m[35m (0.5ms)[0m  [1m[35mBEGIN[0m
  [1m[35m (1.0ms)[0m  [1m[35mCOMMIT[0m
  [1m[35mSQL (0.4ms)[0m  [1m[35mCREATE EXTENSION IF NOT EXISTS "plpgsql"[0m
  [1m[35m (0.3ms)[0m  [1m[35mDROP TABLE IF EXISTS "bill_endorsements" CASCADE[0m
  [1m[35m (12.0ms)[0m  [1m[35mCREATE TABLE "bill_endorsements" ("id" bigserial primary key, "bill_id" integer, "senator_id" integer, "created_at" timestamp NOT NULL, "updated_at" timestamp NOT NULL)[0m
  [1m[35m (1.2ms)[0m  [1m[35mDROP TABLE IF EXISTS "bills" CASCADE[0m
  [1m[35m (7.4ms)[0m  [1m[35mCREATE TABLE "bills" ("id" bigserial primary key, "title" character varying, "author_id" integer, "created_at" timestamp NOT NULL, "updated_at" timestamp NOT NULL)[0m
  [1m[35m (5.8ms)[0m  [1m[35mCREATE  INDEX  "index_bills_on_author_id" ON "bills"  ("author_id")[0m
  [1m[35m (1.5ms)[0m  [1m[35mDROP TABLE IF EXISTS "committee_memberships" CASCADE[0m
  [1m[35m (6.7ms)[0m  [1m[35mCREATE TABLE "committee_memberships" ("id" bigserial primary key, "senator_id" integer, "committee_id" integer, "created_at" timestamp NOT NULL, "updated_at" timestamp NOT NULL)[0m
  [1m[35m (0.6ms)[0m  [1m[35mDROP TABLE IF EXISTS "committees" CASCADE[0m
  [1m[35m (5.1ms)[0m  [1m[35mCREATE TABLE "committees" ("id" bigserial primary key, "name" character varying, "mandate" character varying, "chairperson_id" integer, "created_at" timestamp NOT NULL, "updated_at" timestamp NOT NULL)[0m
  [1m[35m (0.6ms)[0m  [1m[35mDROP TABLE IF EXISTS "desks" CASCADE[0m
  [1m[35m (6.4ms)[0m  [1m[35mCREATE TABLE "desks" ("id" bigserial primary key, "model" character varying, "owner_id" integer, "created_at" timestamp NOT NULL, "updated_at" timestamp NOT NULL)[0m
  [1m[35m (0.4ms)[0m  [1m[35mDROP TABLE IF EXISTS "ideologies" CASCADE[0m
  [1m[35m (6.7ms)[0m  [1m[35mCREATE TABLE "ideologies" ("id" bigserial primary key, "name" character varying, "direction" character varying, "goal" character varying, "created_at" timestamp NOT NULL, "updated_at" timestamp NOT NULL)[0m
  [1m[35m (0.4ms)[0m  [1m[35mDROP TABLE IF EXISTS "parties" CASCADE[0m
  [1m[35m (6.0ms)[0m  [1m[35mCREATE TABLE "parties" ("id" bigserial primary key, "name" character varying, "color" character varying, "ideology_id" integer, "party_leader_id" integer, "created_at" timestamp NOT NULL, "updated_at" timestamp NOT NULL)[0m
  [1m[35m (0.4ms)[0m  [1m[35mDROP TABLE IF EXISTS "senators" CASCADE[0m
  [1m[35m (5.9ms)[0m  [1m[35mCREATE TABLE "senators" ("id" bigserial primary key, "fname" character varying, "lname" character varying, "state" character varying, "party_id" integer, "created_at" timestamp NOT NULL, "updated_at" timestamp NOT NULL)[0m
  [1m[35m (4.9ms)[0m  [1m[35mCREATE TABLE "schema_migrations" ("version" character varying NOT NULL PRIMARY KEY)[0m
  [1m[35m (1.2ms)[0m  [1m[34mSELECT "schema_migrations"."version" FROM "schema_migrations" ORDER BY "schema_migrations"."version" ASC[0m
  [1m[35m (0.9ms)[0m  [1m[32mINSERT INTO "schema_migrations" (version) VALUES (20180103211331)[0m
  [1m[35m (0.7ms)[0m  [1m[32mINSERT INTO "schema_migrations" (version) VALUES
(20180103015212),
(20180103183652),
(20180103184057),
(20180103184247),
(20180103185505),
(20180103185632),
(20180103211221);

[0m
  [1m[35m (5.4ms)[0m  [1m[35mCREATE TABLE "ar_internal_metadata" ("key" character varying NOT NULL PRIMARY KEY, "value" character varying, "created_at" timestamp NOT NULL, "updated_at" timestamp NOT NULL)[0m
  [1m[36mActiveRecord::InternalMetadata Load (0.7ms)[0m  [1m[34mSELECT  "ar_internal_metadata".* FROM "ar_internal_metadata" WHERE "ar_internal_metadata"."key" = $1 LIMIT $2[0m  [["key", "environment"], ["LIMIT", 1]]
  [1m[35m (0.2ms)[0m  [1m[35mBEGIN[0m
  [1m[35mSQL (0.8ms)[0m  [1m[32mINSERT INTO "ar_internal_metadata" ("key", "value", "created_at", "updated_at") VALUES ($1, $2, $3, $4) RETURNING "key"[0m  [["key", "environment"], ["value", "development"], ["created_at", "2019-06-03 16:09:21.535397"], ["updated_at", "2019-06-03 16:09:21.535397"]]
  [1m[35m (0.5ms)[0m  [1m[35mCOMMIT[0m
  [1m[36mActiveRecord::InternalMetadata Load (0.9ms)[0m  [1m[34mSELECT  "ar_internal_metadata".* FROM "ar_internal_metadata" WHERE "ar_internal_metadata"."key" = $1 LIMIT $2[0m  [["key", "environment"], ["LIMIT", 1]]
  [1m[35m (0.2ms)[0m  [1m[35mBEGIN[0m
  [1m[35mSQL (1.6ms)[0m  [1m[33mUPDATE "ar_internal_metadata" SET "value" = $1, "updated_at" = $2 WHERE "ar_internal_metadata"."key" = $3[0m  [["value", "test"], ["updated_at", "2019-06-03 16:09:21.542407"], ["key", "environment"]]
  [1m[35m (0.6ms)[0m  [1m[35mCOMMIT[0m
  [1m[35m (1.0ms)[0m  [1m[34mSELECT "schema_migrations"."version" FROM "schema_migrations" ORDER BY "schema_migrations"."version" ASC[0m
  [1m[35m (0.3ms)[0m  [1m[35mBEGIN[0m
  [1m[36mIdeology Load (1.0ms)[0m  [1m[34mSELECT "ideologies".* FROM "ideologies"[0m
  [1m[36mParty Load (0.8ms)[0m  [1m[34mSELECT "parties".* FROM "parties"[0m
  [1m[36mSenator Load (0.9ms)[0m  [1m[34mSELECT "senators".* FROM "senators"[0m
  [1m[36mCommittee Load (1.1ms)[0m  [1m[34mSELECT "committees".* FROM "committees"[0m
  [1m[36mCommitteeMembership Load (0.7ms)[0m  [1m[34mSELECT "committee_memberships".* FROM "committee_memberships"[0m
  [1m[36mDesk Load (0.7ms)[0m  [1m[34mSELECT "desks".* FROM "desks"[0m
  [1m[36mBill Load (0.8ms)[0m  [1m[34mSELECT "bills".* FROM "bills"[0m
  [1m[36mBillEndorsement Load (0.9ms)[0m  [1m[34mSELECT "bill_endorsements".* FROM "bill_endorsements"[0m
  [1m[35mSQL (0.9ms)[0m  [1m[32mINSERT INTO "ideologies" ("name", "direction", "goal", "created_at", "updated_at") VALUES ($1, $2, $3, $4, $5) RETURNING "id"[0m  [["name", "Conservatism"], ["direction", "Right"], ["goal", "retain traditional social institutions"], ["created_at", "2019-06-03 16:09:24.634461"], ["updated_at", "2019-06-03 16:09:24.634461"]]
  [1m[36mIdeology Load (0.3ms)[0m  [1m[34mSELECT  "ideologies".* FROM "ideologies" ORDER BY "ideologies"."id" DESC LIMIT $1[0m  [["LIMIT", 1]]
  [1m[35mSQL (0.5ms)[0m  [1m[32mINSERT INTO "ideologies" ("name", "direction", "goal", "created_at", "updated_at") VALUES ($1, $2, $3, $4, $5) RETURNING "id"[0m  [["name", "Liberalism"], ["direction", "Left"], ["goal", "balance individual liberty and social justice"], ["created_at", "2019-06-03 16:09:24.639769"], ["updated_at", "2019-06-03 16:09:24.639769"]]
  [1m[36mIdeology Load (0.3ms)[0m  [1m[34mSELECT  "ideologies".* FROM "ideologies" ORDER BY "ideologies"."id" DESC LIMIT $1[0m  [["LIMIT", 1]]
  [1m[35mSQL (1.1ms)[0m  [1m[32mINSERT INTO "parties" ("name", "color", "ideology_id", "created_at", "updated_at") VALUES ($1, $2, $3, $4, $5) RETURNING "id"[0m  [["name", "Democratic Party"], ["color", "Blue"], ["ideology_id", 2], ["created_at", "2019-06-03 16:09:24.655734"], ["updated_at", "2019-06-03 16:09:24.655734"]]
  [1m[36mParty Load (0.6ms)[0m  [1m[34mSELECT  "parties".* FROM "parties" ORDER BY "parties"."id" DESC LIMIT $1[0m  [["LIMIT", 1]]
  [1m[35mSQL (0.5ms)[0m  [1m[32mINSERT INTO "parties" ("name", "color", "ideology_id", "created_at", "updated_at") VALUES ($1, $2, $3, $4, $5) RETURNING "id"[0m  [["name", "Republican Party"], ["color", "Red"], ["ideology_id", 1], ["created_at", "2019-06-03 16:09:24.660189"], ["updated_at", "2019-06-03 16:09:24.660189"]]
  [1m[36mParty Load (0.3ms)[0m  [1m[34mSELECT  "parties".* FROM "parties" ORDER BY "parties"."id" DESC LIMIT $1[0m  [["LIMIT", 1]]
  [1m[35mSQL (0.9ms)[0m  [1m[32mINSERT INTO "senators" ("fname", "lname", "state", "party_id", "created_at", "updated_at") VALUES ($1, $2, $3, $4, $5, $6) RETURNING "id"[0m  [["fname", "John"], ["lname", "McCain"], ["state", "AZ"], ["party_id", 2], ["created_at", "2019-06-03 16:09:24.675906"], ["updated_at", "2019-06-03 16:09:24.675906"]]
  [1m[36mSenator Load (0.4ms)[0m  [1m[34mSELECT  "senators".* FROM "senators" ORDER BY "senators"."id" DESC LIMIT $1[0m  [["LIMIT", 1]]
  [1m[35mSQL (0.6ms)[0m  [1m[32mINSERT INTO "senators" ("fname", "lname", "state", "party_id", "created_at", "updated_at") VALUES ($1, $2, $3, $4, $5, $6) RETURNING "id"[0m  [["fname", "Marco"], ["lname", "Rubio"], ["state", "FL"], ["party_id", 2], ["created_at", "2019-06-03 16:09:24.680025"], ["updated_at", "2019-06-03 16:09:24.680025"]]
  [1m[36mSenator Load (0.4ms)[0m  [1m[34mSELECT  "senators".* FROM "senators" ORDER BY "senators"."id" DESC LIMIT $1[0m  [["LIMIT", 1]]
  [1m[35mSQL (0.6ms)[0m  [1m[32mINSERT INTO "senators" ("fname", "lname", "state", "party_id", "created_at", "updated_at") VALUES ($1, $2, $3, $4, $5, $6) RETURNING "id"[0m  [["fname", "Mitch"], ["lname", "McConnell"], ["state", "KY"], ["party_id", 2], ["created_at", "2019-06-03 16:09:24.683386"], ["updated_at", "2019-06-03 16:09:24.683386"]]
  [1m[36mSenator Load (0.4ms)[0m  [1m[34mSELECT  "senators".* FROM "senators" ORDER BY "senators"."id" DESC LIMIT $1[0m  [["LIMIT", 1]]
  [1m[35mSQL (0.6ms)[0m  [1m[32mINSERT INTO "senators" ("fname", "lname", "state", "party_id", "created_at", "updated_at") VALUES ($1, $2, $3, $4, $5, $6) RETURNING "id"[0m  [["fname", "Barbara"], ["lname", "Boxer"], ["state", "CA"], ["party_id", 1], ["created_at", "2019-06-03 16:09:24.686434"], ["updated_at", "2019-06-03 16:09:24.686434"]]
  [1m[36mSenator Load (0.4ms)[0m  [1m[34mSELECT  "senators".* FROM "senators" ORDER BY "senators"."id" DESC LIMIT $1[0m  [["LIMIT", 1]]
  [1m[35mSQL (0.6ms)[0m  [1m[32mINSERT INTO "senators" ("fname", "lname", "state", "party_id", "created_at", "updated_at") VALUES ($1, $2, $3, $4, $5, $6) RETURNING "id"[0m  [["fname", "Dianne"], ["lname", "Feinstein"], ["state", "CA"], ["party_id", 1], ["created_at", "2019-06-03 16:09:24.689600"], ["updated_at", "2019-06-03 16:09:24.689600"]]
  [1m[36mSenator Load (0.4ms)[0m  [1m[34mSELECT  "senators".* FROM "senators" ORDER BY "senators"."id" DESC LIMIT $1[0m  [["LIMIT", 1]]
  [1m[35mSQL (0.7ms)[0m  [1m[32mINSERT INTO "senators" ("fname", "lname", "state", "party_id", "created_at", "updated_at") VALUES ($1, $2, $3, $4, $5, $6) RETURNING "id"[0m  [["fname", "Elizabeth"], ["lname", "Warren"], ["state", "MA"], ["party_id", 1], ["created_at", "2019-06-03 16:09:24.692729"], ["updated_at", "2019-06-03 16:09:24.692729"]]
  [1m[36mSenator Load (0.5ms)[0m  [1m[34mSELECT  "senators".* FROM "senators" ORDER BY "senators"."id" DESC LIMIT $1[0m  [["LIMIT", 1]]
  [1m[35mSQL (0.6ms)[0m  [1m[32mINSERT INTO "senators" ("fname", "lname", "state", "party_id", "created_at", "updated_at") VALUES ($1, $2, $3, $4, $5, $6) RETURNING "id"[0m  [["fname", "Harry"], ["lname", "Reid"], ["state", "NV"], ["party_id", 1], ["created_at", "2019-06-03 16:09:24.696078"], ["updated_at", "2019-06-03 16:09:24.696078"]]
  [1m[36mSenator Load (0.3ms)[0m  [1m[34mSELECT  "senators".* FROM "senators" ORDER BY "senators"."id" DESC LIMIT $1[0m  [["LIMIT", 1]]
  [1m[35mSQL (0.6ms)[0m  [1m[33mUPDATE "parties" SET "party_leader_id" = $1, "updated_at" = $2 WHERE "parties"."id" = $3[0m  [["party_leader_id", 3], ["updated_at", "2019-06-03 16:09:24.698898"], ["id", 2]]
  [1m[35mSQL (0.6ms)[0m  [1m[33mUPDATE "parties" SET "party_leader_id" = $1, "updated_at" = $2 WHERE "parties"."id" = $3[0m  [["party_leader_id", 7], ["updated_at", "2019-06-03 16:09:24.700843"], ["id", 1]]
  [1m[35mSQL (1.1ms)[0m  [1m[32mINSERT INTO "committees" ("name", "mandate", "chairperson_id", "created_at", "updated_at") VALUES ($1, $2, $3, $4, $5) RETURNING "id"[0m  [["name", "Finance"], ["mandate", "attend to taxation, debt, and other financial matters"], ["chairperson_id", 6], ["created_at", "2019-06-03 16:09:24.711521"], ["updated_at", "2019-06-03 16:09:24.711521"]]
  [1m[36mCommittee Load (0.5ms)[0m  [1m[34mSELECT  "committees".* FROM "committees" ORDER BY "committees"."id" DESC LIMIT $1[0m  [["LIMIT", 1]]
  [1m[35mSQL (0.6ms)[0m  [1m[32mINSERT INTO "committees" ("name", "mandate", "chairperson_id", "created_at", "updated_at") VALUES ($1, $2, $3, $4, $5) RETURNING "id"[0m  [["name", "Foreign Relations"], ["mandate", "lead foreign-policy legislation and debate"], ["chairperson_id", 2], ["created_at", "2019-06-03 16:09:24.716748"], ["updated_at", "2019-06-03 16:09:24.716748"]]
  [1m[36mCommittee Load (0.5ms)[0m  [1m[34mSELECT  "committees".* FROM "committees" ORDER BY "committees"."id" DESC LIMIT $1[0m  [["LIMIT", 1]]
  [1m[35mSQL (0.7ms)[0m  [1m[32mINSERT INTO "committee_memberships" ("senator_id", "committee_id", "created_at", "updated_at") VALUES ($1, $2, $3, $4) RETURNING "id"[0m  [["senator_id", 4], ["committee_id", 1], ["created_at", "2019-06-03 16:09:24.732731"], ["updated_at", "2019-06-03 16:09:24.732731"]]
  [1m[35mSQL (0.5ms)[0m  [1m[32mINSERT INTO "committee_memberships" ("senator_id", "committee_id", "created_at", "updated_at") VALUES ($1, $2, $3, $4) RETURNING "id"[0m  [["senator_id", 5], ["committee_id", 1], ["created_at", "2019-06-03 16:09:24.734578"], ["updated_at", "2019-06-03 16:09:24.734578"]]
  [1m[35mSQL (0.4ms)[0m  [1m[32mINSERT INTO "committee_memberships" ("senator_id", "committee_id", "created_at", "updated_at") VALUES ($1, $2, $3, $4) RETURNING "id"[0m  [["senator_id", 6], ["committee_id", 1], ["created_at", "2019-06-03 16:09:24.735975"], ["updated_at", "2019-06-03 16:09:24.735975"]]
  [1m[35mSQL (0.4ms)[0m  [1m[32mINSERT INTO "committee_memberships" ("senator_id", "committee_id", "created_at", "updated_at") VALUES ($1, $2, $3, $4) RETURNING "id"[0m  [["senator_id", 1], ["committee_id", 1], ["created_at", "2019-06-03 16:09:24.737351"], ["updated_at", "2019-06-03 16:09:24.737351"]]
  [1m[35mSQL (0.4ms)[0m  [1m[32mINSERT INTO "committee_memberships" ("senator_id", "committee_id", "created_at", "updated_at") VALUES ($1, $2, $3, $4) RETURNING "id"[0m  [["senator_id", 7], ["committee_id", 2], ["created_at", "2019-06-03 16:09:24.738587"], ["updated_at", "2019-06-03 16:09:24.738587"]]
  [1m[35mSQL (0.4ms)[0m  [1m[32mINSERT INTO "committee_memberships" ("senator_id", "committee_id", "created_at", "updated_at") VALUES ($1, $2, $3, $4) RETURNING "id"[0m  [["senator_id", 1], ["committee_id", 2], ["created_at", "2019-06-03 16:09:24.739915"], ["updated_at", "2019-06-03 16:09:24.739915"]]
  [1m[35mSQL (0.4ms)[0m  [1m[32mINSERT INTO "committee_memberships" ("senator_id", "committee_id", "created_at", "updated_at") VALUES ($1, $2, $3, $4) RETURNING "id"[0m  [["senator_id", 2], ["committee_id", 2], ["created_at", "2019-06-03 16:09:24.741214"], ["updated_at", "2019-06-03 16:09:24.741214"]]
  [1m[35mSQL (3.2ms)[0m  [1m[32mINSERT INTO "desks" ("model", "owner_id", "created_at", "updated_at") VALUES ($1, $2, $3, $4) RETURNING "id"[0m  [["model", "IKEA Office (Oak)"], ["owner_id", 1], ["created_at", "2019-06-03 16:09:24.756106"], ["updated_at", "2019-06-03 16:09:24.756106"]]
  [1m[35mSQL (0.6ms)[0m  [1m[32mINSERT INTO "desks" ("model", "owner_id", "created_at", "updated_at") VALUES ($1, $2, $3, $4) RETURNING "id"[0m  [["model", "Mainstays L-Shaped (Maple)"], ["owner_id", 6], ["created_at", "2019-06-03 16:09:24.761974"], ["updated_at", "2019-06-03 16:09:24.761974"]]
  [1m[35mSQL (0.9ms)[0m  [1m[32mINSERT INTO "bills" ("title", "author_id", "created_at", "updated_at") VALUES ($1, $2, $3, $4) RETURNING "id"[0m  [["title", "Ban plastic bags."], ["author_id", 5], ["created_at", "2019-06-03 16:09:24.774383"], ["updated_at", "2019-06-03 16:09:24.774383"]]
  [1m[36mBill Load (0.3ms)[0m  [1m[34mSELECT  "bills".* FROM "bills" ORDER BY "bills"."id" DESC LIMIT $1[0m  [["LIMIT", 1]]
  [1m[35mSQL (0.7ms)[0m  [1m[32mINSERT INTO "bill_endorsements" ("bill_id", "senator_id", "created_at", "updated_at") VALUES ($1, $2, $3, $4) RETURNING "id"[0m  [["bill_id", 1], ["senator_id", 4], ["created_at", "2019-06-03 16:09:24.789058"], ["updated_at", "2019-06-03 16:09:24.789058"]]
  [1m[35mSQL (0.4ms)[0m  [1m[32mINSERT INTO "bill_endorsements" ("bill_id", "senator_id", "created_at", "updated_at") VALUES ($1, $2, $3, $4) RETURNING "id"[0m  [["bill_id", 1], ["senator_id", 7], ["created_at", "2019-06-03 16:09:24.790879"], ["updated_at", "2019-06-03 16:09:24.790879"]]
  [1m[35mSQL (0.5ms)[0m  [1m[32mINSERT INTO "bill_endorsements" ("bill_id", "senator_id", "created_at", "updated_at") VALUES ($1, $2, $3, $4) RETURNING "id"[0m  [["bill_id", 1], ["senator_id", 3], ["created_at", "2019-06-03 16:09:24.792097"], ["updated_at", "2019-06-03 16:09:24.792097"]]
  [1m[35m (0.6ms)[0m  [1m[35mCOMMIT[0m
  [1m[35m (1.0ms)[0m  [1m[34mSELECT "schema_migrations"."version" FROM "schema_migrations" ORDER BY "schema_migrations"."version" ASC[0m
  [1m[35m (0.4ms)[0m  [1m[34mSELECT "ar_internal_metadata"."value" FROM "ar_internal_metadata" WHERE "ar_internal_metadata"."key" = $1[0m  [["key", "environment"]]
  [1m[35m (0.3ms)[0m  [1m[34mSELECT "schema_migrations"."version" FROM "schema_migrations" ORDER BY "schema_migrations"."version" ASC[0m
  [1m[35m (0.2ms)[0m  [1m[34mSELECT "ar_internal_metadata"."value" FROM "ar_internal_metadata" WHERE "ar_internal_metadata"."key" = $1[0m  [["key", "environment"]]
  [1m[35m (0.3ms)[0m  [1m[34mSELECT "schema_migrations"."version" FROM "schema_migrations" ORDER BY "schema_migrations"."version" ASC[0m
  [1m[35m (0.3ms)[0m  [1m[34mSELECT "ar_internal_metadata"."value" FROM "ar_internal_metadata" WHERE "ar_internal_metadata"."key" = $1[0m  [["key", "environment"]]
  [1m[35mSQL (0.4ms)[0m  [1m[35mCREATE EXTENSION IF NOT EXISTS "plpgsql"[0m
  [1m[35m (35.5ms)[0m  [1m[35mDROP TABLE IF EXISTS "bill_endorsements" CASCADE[0m
  [1m[35m (9.5ms)[0m  [1m[35mCREATE TABLE "bill_endorsements" ("id" bigserial primary key, "bill_id" integer, "senator_id" integer, "created_at" timestamp NOT NULL, "updated_at" timestamp NOT NULL)[0m
  [1m[35m (4.8ms)[0m  [1m[35mDROP TABLE IF EXISTS "bills" CASCADE[0m
  [1m[35m (8.6ms)[0m  [1m[35mCREATE TABLE "bills" ("id" bigserial primary key, "title" character varying, "author_id" integer, "created_at" timestamp NOT NULL, "updated_at" timestamp NOT NULL)[0m
  [1m[35m (2.5ms)[0m  [1m[35mCREATE  INDEX  "index_bills_on_author_id" ON "bills"  ("author_id")[0m
  [1m[35m (2.9ms)[0m  [1m[35mDROP TABLE IF EXISTS "committee_memberships" CASCADE[0m
  [1m[35m (5.0ms)[0m  [1m[35mCREATE TABLE "committee_memberships" ("id" bigserial primary key, "senator_id" integer, "committee_id" integer, "created_at" timestamp NOT NULL, "updated_at" timestamp NOT NULL)[0m
  [1m[35m (3.7ms)[0m  [1m[35mDROP TABLE IF EXISTS "committees" CASCADE[0m
  [1m[35m (7.6ms)[0m  [1m[35mCREATE TABLE "committees" ("id" bigserial primary key, "name" character varying, "mandate" character varying, "chairperson_id" integer, "created_at" timestamp NOT NULL, "updated_at" timestamp NOT NULL)[0m
  [1m[35m (4.2ms)[0m  [1m[35mDROP TABLE IF EXISTS "desks" CASCADE[0m
  [1m[35m (7.3ms)[0m  [1m[35mCREATE TABLE "desks" ("id" bigserial primary key, "model" character varying, "owner_id" integer, "created_at" timestamp NOT NULL, "updated_at" timestamp NOT NULL)[0m
  [1m[35m (4.0ms)[0m  [1m[35mDROP TABLE IF EXISTS "ideologies" CASCADE[0m
  [1m[35m (7.1ms)[0m  [1m[35mCREATE TABLE "ideologies" ("id" bigserial primary key, "name" character varying, "direction" character varying, "goal" character varying, "created_at" timestamp NOT NULL, "updated_at" timestamp NOT NULL)[0m
  [1m[35m (9.2ms)[0m  [1m[35mDROP TABLE IF EXISTS "parties" CASCADE[0m
  [1m[35m (7.5ms)[0m  [1m[35mCREATE TABLE "parties" ("id" bigserial primary key, "name" character varying, "color" character varying, "ideology_id" integer, "party_leader_id" integer, "created_at" timestamp NOT NULL, "updated_at" timestamp NOT NULL)[0m
  [1m[35m (3.8ms)[0m  [1m[35mDROP TABLE IF EXISTS "senators" CASCADE[0m
  [1m[35m (7.5ms)[0m  [1m[35mCREATE TABLE "senators" ("id" bigserial primary key, "fname" character varying, "lname" character varying, "state" character varying, "party_id" integer, "created_at" timestamp NOT NULL, "updated_at" timestamp NOT NULL)[0m
  [1m[35m (6.9ms)[0m  [1m[34mSELECT "schema_migrations"."version" FROM "schema_migrations" ORDER BY "schema_migrations"."version" ASC[0m
  [1m[36mActiveRecord::InternalMetadata Load (0.7ms)[0m  [1m[34mSELECT  "ar_internal_metadata".* FROM "ar_internal_metadata" WHERE "ar_internal_metadata"."key" = $1 LIMIT $2[0m  [["key", "environment"], ["LIMIT", 1]]
  [1m[35m (0.6ms)[0m  [1m[35mBEGIN[0m
  [1m[35m (0.5ms)[0m  [1m[35mCOMMIT[0m
  [1m[36mActiveRecord::InternalMetadata Load (0.6ms)[0m  [1m[34mSELECT  "ar_internal_metadata".* FROM "ar_internal_metadata" WHERE "ar_internal_metadata"."key" = $1 LIMIT $2[0m  [["key", "environment"], ["LIMIT", 1]]
  [1m[35m (0.2ms)[0m  [1m[35mBEGIN[0m
  [1m[35m (0.3ms)[0m  [1m[35mCOMMIT[0m
  [1m[35mSQL (0.5ms)[0m  [1m[35mCREATE EXTENSION IF NOT EXISTS "plpgsql"[0m
  [1m[35m (6.3ms)[0m  [1m[35mDROP TABLE IF EXISTS "bill_endorsements" CASCADE[0m
  [1m[35m (11.4ms)[0m  [1m[35mCREATE TABLE "bill_endorsements" ("id" bigserial primary key, "bill_id" integer, "senator_id" integer, "created_at" timestamp NOT NULL, "updated_at" timestamp NOT NULL)[0m
  [1m[35m (4.3ms)[0m  [1m[35mDROP TABLE IF EXISTS "bills" CASCADE[0m
  [1m[35m (8.6ms)[0m  [1m[35mCREATE TABLE "bills" ("id" bigserial primary key, "title" character varying, "author_id" integer, "created_at" timestamp NOT NULL, "updated_at" timestamp NOT NULL)[0m
  [1m[35m (2.3ms)[0m  [1m[35mCREATE  INDEX  "index_bills_on_author_id" ON "bills"  ("author_id")[0m
  [1m[35m (3.4ms)[0m  [1m[35mDROP TABLE IF EXISTS "committee_memberships" CASCADE[0m
  [1m[35m (4.9ms)[0m  [1m[35mCREATE TABLE "committee_memberships" ("id" bigserial primary key, "senator_id" integer, "committee_id" integer, "created_at" timestamp NOT NULL, "updated_at" timestamp NOT NULL)[0m
  [1m[35m (3.9ms)[0m  [1m[35mDROP TABLE IF EXISTS "committees" CASCADE[0m
  [1m[35m (9.6ms)[0m  [1m[35mCREATE TABLE "committees" ("id" bigserial primary key, "name" character varying, "mandate" character varying, "chairperson_id" integer, "created_at" timestamp NOT NULL, "updated_at" timestamp NOT NULL)[0m
  [1m[35m (4.1ms)[0m  [1m[35mDROP TABLE IF EXISTS "desks" CASCADE[0m
  [1m[35m (11.4ms)[0m  [1m[35mCREATE TABLE "desks" ("id" bigserial primary key, "model" character varying, "owner_id" integer, "created_at" timestamp NOT NULL, "updated_at" timestamp NOT NULL)[0m
  [1m[35m (6.2ms)[0m  [1m[35mDROP TABLE IF EXISTS "ideologies" CASCADE[0m
  [1m[35m (9.8ms)[0m  [1m[35mCREATE TABLE "ideologies" ("id" bigserial primary key, "name" character varying, "direction" character varying, "goal" character varying, "created_at" timestamp NOT NULL, "updated_at" timestamp NOT NULL)[0m
  [1m[35m (4.4ms)[0m  [1m[35mDROP TABLE IF EXISTS "parties" CASCADE[0m
  [1m[35m (8.2ms)[0m  [1m[35mCREATE TABLE "parties" ("id" bigserial primary key, "name" character varying, "color" character varying, "ideology_id" integer, "party_leader_id" integer, "created_at" timestamp NOT NULL, "updated_at" timestamp NOT NULL)[0m
  [1m[35m (4.5ms)[0m  [1m[35mDROP TABLE IF EXISTS "senators" CASCADE[0m
  [1m[35m (8.3ms)[0m  [1m[35mCREATE TABLE "senators" ("id" bigserial primary key, "fname" character varying, "lname" character varying, "state" character varying, "party_id" integer, "created_at" timestamp NOT NULL, "updated_at" timestamp NOT NULL)[0m
  [1m[35m (1.6ms)[0m  [1m[34mSELECT "schema_migrations"."version" FROM "schema_migrations" ORDER BY "schema_migrations"."version" ASC[0m
  [1m[36mActiveRecord::InternalMetadata Load (0.8ms)[0m  [1m[34mSELECT  "ar_internal_metadata".* FROM "ar_internal_metadata" WHERE "ar_internal_metadata"."key" = $1 LIMIT $2[0m  [["key", "environment"], ["LIMIT", 1]]
  [1m[35m (0.2ms)[0m  [1m[35mBEGIN[0m
  [1m[35mSQL (0.8ms)[0m  [1m[33mUPDATE "ar_internal_metadata" SET "value" = $1, "updated_at" = $2 WHERE "ar_internal_metadata"."key" = $3[0m  [["value", "development"], ["updated_at", "2019-06-03 17:05:38.555786"], ["key", "environment"]]
  [1m[35m (1.0ms)[0m  [1m[35mCOMMIT[0m
  [1m[36mActiveRecord::InternalMetadata Load (0.6ms)[0m  [1m[34mSELECT  "ar_internal_metadata".* FROM "ar_internal_metadata" WHERE "ar_internal_metadata"."key" = $1 LIMIT $2[0m  [["key", "environment"], ["LIMIT", 1]]
  [1m[35m (0.3ms)[0m  [1m[35mBEGIN[0m
  [1m[35mSQL (0.9ms)[0m  [1m[33mUPDATE "ar_internal_metadata" SET "value" = $1, "updated_at" = $2 WHERE "ar_internal_metadata"."key" = $3[0m  [["value", "test"], ["updated_at", "2019-06-03 17:05:38.565615"], ["key", "environment"]]
  [1m[35m (0.6ms)[0m  [1m[35mCOMMIT[0m
  [1m[35m (0.9ms)[0m  [1m[34mSELECT "schema_migrations"."version" FROM "schema_migrations" ORDER BY "schema_migrations"."version" ASC[0m
  [1m[35m (0.2ms)[0m  [1m[35mBEGIN[0m
  [1m[36mIdeology Load (0.9ms)[0m  [1m[34mSELECT "ideologies".* FROM "ideologies"[0m
  [1m[36mParty Load (1.1ms)[0m  [1m[34mSELECT "parties".* FROM "parties"[0m
  [1m[36mSenator Load (0.7ms)[0m  [1m[34mSELECT "senators".* FROM "senators"[0m
  [1m[36mCommittee Load (0.7ms)[0m  [1m[34mSELECT "committees".* FROM "committees"[0m
  [1m[36mCommitteeMembership Load (0.7ms)[0m  [1m[34mSELECT "committee_memberships".* FROM "committee_memberships"[0m
  [1m[36mDesk Load (0.6ms)[0m  [1m[34mSELECT "desks".* FROM "desks"[0m
  [1m[36mBill Load (0.7ms)[0m  [1m[34mSELECT "bills".* FROM "bills"[0m
  [1m[36mBillEndorsement Load (0.7ms)[0m  [1m[34mSELECT "bill_endorsements".* FROM "bill_endorsements"[0m
  [1m[35mSQL (0.8ms)[0m  [1m[32mINSERT INTO "ideologies" ("name", "direction", "goal", "created_at", "updated_at") VALUES ($1, $2, $3, $4, $5) RETURNING "id"[0m  [["name", "Conservatism"], ["direction", "Right"], ["goal", "retain traditional social institutions"], ["created_at", "2019-06-03 17:05:41.623612"], ["updated_at", "2019-06-03 17:05:41.623612"]]
  [1m[36mIdeology Load (0.3ms)[0m  [1m[34mSELECT  "ideologies".* FROM "ideologies" ORDER BY "ideologies"."id" DESC LIMIT $1[0m  [["LIMIT", 1]]
  [1m[35mSQL (0.4ms)[0m  [1m[32mINSERT INTO "ideologies" ("name", "direction", "goal", "created_at", "updated_at") VALUES ($1, $2, $3, $4, $5) RETURNING "id"[0m  [["name", "Liberalism"], ["direction", "Left"], ["goal", "balance individual liberty and social justice"], ["created_at", "2019-06-03 17:05:41.628241"], ["updated_at", "2019-06-03 17:05:41.628241"]]
  [1m[36mIdeology Load (0.3ms)[0m  [1m[34mSELECT  "ideologies".* FROM "ideologies" ORDER BY "ideologies"."id" DESC LIMIT $1[0m  [["LIMIT", 1]]
  [1m[35mSQL (0.7ms)[0m  [1m[32mINSERT INTO "parties" ("name", "color", "ideology_id", "created_at", "updated_at") VALUES ($1, $2, $3, $4, $5) RETURNING "id"[0m  [["name", "Democratic Party"], ["color", "Blue"], ["ideology_id", 2], ["created_at", "2019-06-03 17:05:41.639760"], ["updated_at", "2019-06-03 17:05:41.639760"]]
  [1m[36mParty Load (0.3ms)[0m  [1m[34mSELECT  "parties".* FROM "parties" ORDER BY "parties"."id" DESC LIMIT $1[0m  [["LIMIT", 1]]
  [1m[35mSQL (0.4ms)[0m  [1m[32mINSERT INTO "parties" ("name", "color", "ideology_id", "created_at", "updated_at") VALUES ($1, $2, $3, $4, $5) RETURNING "id"[0m  [["name", "Republican Party"], ["color", "Red"], ["ideology_id", 1], ["created_at", "2019-06-03 17:05:41.642543"], ["updated_at", "2019-06-03 17:05:41.642543"]]
  [1m[36mParty Load (0.3ms)[0m  [1m[34mSELECT  "parties".* FROM "parties" ORDER BY "parties"."id" DESC LIMIT $1[0m  [["LIMIT", 1]]
  [1m[35mSQL (0.6ms)[0m  [1m[32mINSERT INTO "senators" ("fname", "lname", "state", "party_id", "created_at", "updated_at") VALUES ($1, $2, $3, $4, $5, $6) RETURNING "id"[0m  [["fname", "John"], ["lname", "McCain"], ["state", "AZ"], ["party_id", 2], ["created_at", "2019-06-03 17:05:41.652447"], ["updated_at", "2019-06-03 17:05:41.652447"]]
  [1m[36mSenator Load (0.3ms)[0m  [1m[34mSELECT  "senators".* FROM "senators" ORDER BY "senators"."id" DESC LIMIT $1[0m  [["LIMIT", 1]]
  [1m[35mSQL (0.4ms)[0m  [1m[32mINSERT INTO "senators" ("fname", "lname", "state", "party_id", "created_at", "updated_at") VALUES ($1, $2, $3, $4, $5, $6) RETURNING "id"[0m  [["fname", "Marco"], ["lname", "Rubio"], ["state", "FL"], ["party_id", 2], ["created_at", "2019-06-03 17:05:41.655271"], ["updated_at", "2019-06-03 17:05:41.655271"]]
  [1m[36mSenator Load (0.3ms)[0m  [1m[34mSELECT  "senators".* FROM "senators" ORDER BY "senators"."id" DESC LIMIT $1[0m  [["LIMIT", 1]]
  [1m[35mSQL (0.4ms)[0m  [1m[32mINSERT INTO "senators" ("fname", "lname", "state", "party_id", "created_at", "updated_at") VALUES ($1, $2, $3, $4, $5, $6) RETURNING "id"[0m  [["fname", "Mitch"], ["lname", "McConnell"], ["state", "KY"], ["party_id", 2], ["created_at", "2019-06-03 17:05:41.657225"], ["updated_at", "2019-06-03 17:05:41.657225"]]
  [1m[36mSenator Load (0.3ms)[0m  [1m[34mSELECT  "senators".* FROM "senators" ORDER BY "senators"."id" DESC LIMIT $1[0m  [["LIMIT", 1]]
  [1m[35mSQL (0.4ms)[0m  [1m[32mINSERT INTO "senators" ("fname", "lname", "state", "party_id", "created_at", "updated_at") VALUES ($1, $2, $3, $4, $5, $6) RETURNING "id"[0m  [["fname", "Barbara"], ["lname", "Boxer"], ["state", "CA"], ["party_id", 1], ["created_at", "2019-06-03 17:05:41.659051"], ["updated_at", "2019-06-03 17:05:41.659051"]]
  [1m[36mSenator Load (0.3ms)[0m  [1m[34mSELECT  "senators".* FROM "senators" ORDER BY "senators"."id" DESC LIMIT $1[0m  [["LIMIT", 1]]
  [1m[35mSQL (0.4ms)[0m  [1m[32mINSERT INTO "senators" ("fname", "lname", "state", "party_id", "created_at", "updated_at") VALUES ($1, $2, $3, $4, $5, $6) RETURNING "id"[0m  [["fname", "Dianne"], ["lname", "Feinstein"], ["state", "CA"], ["party_id", 1], ["created_at", "2019-06-03 17:05:41.661056"], ["updated_at", "2019-06-03 17:05:41.661056"]]
  [1m[36mSenator Load (0.3ms)[0m  [1m[34mSELECT  "senators".* FROM "senators" ORDER BY "senators"."id" DESC LIMIT $1[0m  [["LIMIT", 1]]
  [1m[35mSQL (0.4ms)[0m  [1m[32mINSERT INTO "senators" ("fname", "lname", "state", "party_id", "created_at", "updated_at") VALUES ($1, $2, $3, $4, $5, $6) RETURNING "id"[0m  [["fname", "Elizabeth"], ["lname", "Warren"], ["state", "MA"], ["party_id", 1], ["created_at", "2019-06-03 17:05:41.662945"], ["updated_at", "2019-06-03 17:05:41.662945"]]
  [1m[36mSenator Load (0.3ms)[0m  [1m[34mSELECT  "senators".* FROM "senators" ORDER BY "senators"."id" DESC LIMIT $1[0m  [["LIMIT", 1]]
  [1m[35mSQL (0.4ms)[0m  [1m[32mINSERT INTO "senators" ("fname", "lname", "state", "party_id", "created_at", "updated_at") VALUES ($1, $2, $3, $4, $5, $6) RETURNING "id"[0m  [["fname", "Harry"], ["lname", "Reid"], ["state", "NV"], ["party_id", 1], ["created_at", "2019-06-03 17:05:41.664845"], ["updated_at", "2019-06-03 17:05:41.664845"]]
  [1m[36mSenator Load (0.3ms)[0m  [1m[34mSELECT  "senators".* FROM "senators" ORDER BY "senators"."id" DESC LIMIT $1[0m  [["LIMIT", 1]]
  [1m[36mIdeology Load (0.3ms)[0m  [1m[34mSELECT  "ideologies".* FROM "ideologies" WHERE "ideologies"."id" = $1 LIMIT $2[0m  [["id", 1], ["LIMIT", 1]]
  [1m[36mSenator Load (0.3ms)[0m  [1m[34mSELECT  "senators".* FROM "senators" WHERE "senators"."id" = $1 LIMIT $2[0m  [["id", 3], ["LIMIT", 1]]
  [1m[35mSQL (0.5ms)[0m  [1m[33mUPDATE "parties" SET "party_leader_id" = $1, "updated_at" = $2 WHERE "parties"."id" = $3[0m  [["party_leader_id", 3], ["updated_at", "2019-06-03 17:05:41.679094"], ["id", 2]]
  [1m[36mIdeology Load (0.3ms)[0m  [1m[34mSELECT  "ideologies".* FROM "ideologies" WHERE "ideologies"."id" = $1 LIMIT $2[0m  [["id", 2], ["LIMIT", 1]]
  [1m[36mSenator Load (0.3ms)[0m  [1m[34mSELECT  "senators".* FROM "senators" WHERE "senators"."id" = $1 LIMIT $2[0m  [["id", 7], ["LIMIT", 1]]
  [1m[35mSQL (0.4ms)[0m  [1m[33mUPDATE "parties" SET "party_leader_id" = $1, "updated_at" = $2 WHERE "parties"."id" = $3[0m  [["party_leader_id", 7], ["updated_at", "2019-06-03 17:05:41.682752"], ["id", 1]]
  [1m[35mSQL (0.7ms)[0m  [1m[32mINSERT INTO "committees" ("name", "mandate", "chairperson_id", "created_at", "updated_at") VALUES ($1, $2, $3, $4, $5) RETURNING "id"[0m  [["name", "Finance"], ["mandate", "attend to taxation, debt, and other financial matters"], ["chairperson_id", 6], ["created_at", "2019-06-03 17:05:41.691920"], ["updated_at", "2019-06-03 17:05:41.691920"]]
  [1m[36mCommittee Load (0.3ms)[0m  [1m[34mSELECT  "committees".* FROM "committees" ORDER BY "committees"."id" DESC LIMIT $1[0m  [["LIMIT", 1]]
  [1m[35mSQL (0.4ms)[0m  [1m[32mINSERT INTO "committees" ("name", "mandate", "chairperson_id", "created_at", "updated_at") VALUES ($1, $2, $3, $4, $5) RETURNING "id"[0m  [["name", "Foreign Relations"], ["mandate", "lead foreign-policy legislation and debate"], ["chairperson_id", 2], ["created_at", "2019-06-03 17:05:41.694723"], ["updated_at", "2019-06-03 17:05:41.694723"]]
  [1m[36mCommittee Load (0.3ms)[0m  [1m[34mSELECT  "committees".* FROM "committees" ORDER BY "committees"."id" DESC LIMIT $1[0m  [["LIMIT", 1]]
  [1m[35mSQL (0.7ms)[0m  [1m[32mINSERT INTO "committee_memberships" ("senator_id", "committee_id", "created_at", "updated_at") VALUES ($1, $2, $3, $4) RETURNING "id"[0m  [["senator_id", 4], ["committee_id", 1], ["created_at", "2019-06-03 17:05:41.703592"], ["updated_at", "2019-06-03 17:05:41.703592"]]
  [1m[35mSQL (0.4ms)[0m  [1m[32mINSERT INTO "committee_memberships" ("senator_id", "committee_id", "created_at", "updated_at") VALUES ($1, $2, $3, $4) RETURNING "id"[0m  [["senator_id", 5], ["committee_id", 1], ["created_at", "2019-06-03 17:05:41.705217"], ["updated_at", "2019-06-03 17:05:41.705217"]]
  [1m[35mSQL (0.3ms)[0m  [1m[32mINSERT INTO "committee_memberships" ("senator_id", "committee_id", "created_at", "updated_at") VALUES ($1, $2, $3, $4) RETURNING "id"[0m  [["senator_id", 6], ["committee_id", 1], ["created_at", "2019-06-03 17:05:41.706261"], ["updated_at", "2019-06-03 17:05:41.706261"]]
  [1m[35mSQL (0.3ms)[0m  [1m[32mINSERT INTO "committee_memberships" ("senator_id", "committee_id", "created_at", "updated_at") VALUES ($1, $2, $3, $4) RETURNING "id"[0m  [["senator_id", 1], ["committee_id", 1], ["created_at", "2019-06-03 17:05:41.707190"], ["updated_at", "2019-06-03 17:05:41.707190"]]
  [1m[35mSQL (0.3ms)[0m  [1m[32mINSERT INTO "committee_memberships" ("senator_id", "committee_id", "created_at", "updated_at") VALUES ($1, $2, $3, $4) RETURNING "id"[0m  [["senator_id", 7], ["committee_id", 2], ["created_at", "2019-06-03 17:05:41.708173"], ["updated_at", "2019-06-03 17:05:41.708173"]]
  [1m[35mSQL (0.4ms)[0m  [1m[32mINSERT INTO "committee_memberships" ("senator_id", "committee_id", "created_at", "updated_at") VALUES ($1, $2, $3, $4) RETURNING "id"[0m  [["senator_id", 1], ["committee_id", 2], ["created_at", "2019-06-03 17:05:41.709114"], ["updated_at", "2019-06-03 17:05:41.709114"]]
  [1m[35mSQL (0.3ms)[0m  [1m[32mINSERT INTO "committee_memberships" ("senator_id", "committee_id", "created_at", "updated_at") VALUES ($1, $2, $3, $4) RETURNING "id"[0m  [["senator_id", 2], ["committee_id", 2], ["created_at", "2019-06-03 17:05:41.710106"], ["updated_at", "2019-06-03 17:05:41.710106"]]
  [1m[35mSQL (0.7ms)[0m  [1m[32mINSERT INTO "desks" ("model", "owner_id", "created_at", "updated_at") VALUES ($1, $2, $3, $4) RETURNING "id"[0m  [["model", "IKEA Office (Oak)"], ["owner_id", 1], ["created_at", "2019-06-03 17:05:41.717910"], ["updated_at", "2019-06-03 17:05:41.717910"]]
  [1m[35mSQL (0.4ms)[0m  [1m[32mINSERT INTO "desks" ("model", "owner_id", "created_at", "updated_at") VALUES ($1, $2, $3, $4) RETURNING "id"[0m  [["model", "Mainstays L-Shaped (Maple)"], ["owner_id", 6], ["created_at", "2019-06-03 17:05:41.719616"], ["updated_at", "2019-06-03 17:05:41.719616"]]
  [1m[35mSQL (0.8ms)[0m  [1m[32mINSERT INTO "bills" ("title", "author_id", "created_at", "updated_at") VALUES ($1, $2, $3, $4) RETURNING "id"[0m  [["title", "Ban plastic bags."], ["author_id", 5], ["created_at", "2019-06-03 17:05:41.727464"], ["updated_at", "2019-06-03 17:05:41.727464"]]
  [1m[36mBill Load (0.3ms)[0m  [1m[34mSELECT  "bills".* FROM "bills" ORDER BY "bills"."id" DESC LIMIT $1[0m  [["LIMIT", 1]]
  [1m[35mSQL (0.8ms)[0m  [1m[32mINSERT INTO "bill_endorsements" ("bill_id", "senator_id", "created_at", "updated_at") VALUES ($1, $2, $3, $4) RETURNING "id"[0m  [["bill_id", 1], ["senator_id", 4], ["created_at", "2019-06-03 17:05:41.738618"], ["updated_at", "2019-06-03 17:05:41.738618"]]
  [1m[35mSQL (0.4ms)[0m  [1m[32mINSERT INTO "bill_endorsements" ("bill_id", "senator_id", "created_at", "updated_at") VALUES ($1, $2, $3, $4) RETURNING "id"[0m  [["bill_id", 1], ["senator_id", 7], ["created_at", "2019-06-03 17:05:41.740508"], ["updated_at", "2019-06-03 17:05:41.740508"]]
  [1m[35mSQL (0.3ms)[0m  [1m[32mINSERT INTO "bill_endorsements" ("bill_id", "senator_id", "created_at", "updated_at") VALUES ($1, $2, $3, $4) RETURNING "id"[0m  [["bill_id", 1], ["senator_id", 3], ["created_at", "2019-06-03 17:05:41.741835"], ["updated_at", "2019-06-03 17:05:41.741835"]]
  [1m[35m (0.6ms)[0m  [1m[35mCOMMIT[0m
